<?xml version="1.0" encoding="UTF-8"?>
<!-- Generated by org.testng.reporters.JUnitReportReporter -->
<testsuite skipped="0" hostname="Abdou-PC" name="login.LoginTest" tests="2" failures="0" timestamp="27 dÃ©c. 2020 12:46:32 GMT" time="41.051" errors="0">
  <testcase name="testSuccessfulLogin" time="19.143" classname="login.LoginTest"/>
  <testcase name="testSuccessfulLogin" time="21.908" classname="login.LoginTest"/>
</testsuite> <!-- login.LoginTest -->
