<?xml version="1.0" encoding="UTF-8"?>
<!-- Generated by org.testng.reporters.JUnitReportReporter -->
<testsuite skipped="0" hostname="Abdou-PC" name="wait.Example1LoadingTest" tests="1" failures="0" timestamp="27 dÃ©c. 2020 12:46:32 GMT" time="28.707" errors="0">
  <testcase name="testWaitExmaple1" time="28.707" classname="wait.Example1LoadingTest"/>
</testsuite> <!-- wait.Example1LoadingTest -->
