<?xml version="1.0" encoding="UTF-8"?>
<!-- Generated by org.testng.reporters.JUnitReportReporter -->
<testsuite skipped="0" hostname="Abdou-PC" name="geolocation.GeolocationTest" tests="1" failures="0" timestamp="27 dÃ©c. 2020 12:46:32 GMT" time="28.542" errors="0">
  <testcase name="testGeolocation" time="28.542" classname="geolocation.GeolocationTest"/>
</testsuite> <!-- geolocation.GeolocationTest -->
