<?xml version="1.0" encoding="UTF-8"?>
<!-- Generated by org.testng.reporters.JUnitReportReporter -->
<testsuite skipped="0" hostname="Abdou-PC" name="uploadFile.UploadFileTest" tests="1" failures="0" timestamp="27 dÃ©c. 2020 15:13:22 GMT" time="10.433" errors="0">
  <testcase name="testUploadFile" time="10.433" classname="uploadFile.UploadFileTest"/>
</testsuite> <!-- uploadFile.UploadFileTest -->
